<?xml version="1.0" encoding="UTF-8"?>
<!-- Generated by org.testng.reporters.JUnitReportReporter -->
<testsuite hostname="Amits-MacBook-Pro-2.local" failures="0" tests="1" name="partners.partnerSignAPITest" time="1.106" errors="0" timestamp="2023-10-29T01:07:40 IST" skipped="0">
  <testcase classname="partners.partnerSignAPITest" name="validateSignInTest" time="1.106"/>
</testsuite> <!-- partners.partnerSignAPITest -->
